<?xml version="1.0" encoding="UTF-8"?>
<testng-results skipped="0" failed="0" ignored="0" total="1" passed="1">
  <reporter-output>
    <line>
      <![CDATA[****** Verify SearchComapny Location Test Scripts ******]]>
    </line>
    <line>
      <![CDATA[====== Application Open ===== ]]>
    </line>
    <line>
      <![CDATA[Title Matched and it's = OrangeHRM - New Level of HR Management]]>
    </line>
    <line>
      <![CDATA[Click on LogIn Button]]>
    </line>
    <line>
      <![CDATA[Title not Matched and Expected Title is = OrangeHRM]]>
    </line>
    <line>
      <![CDATA[Welcome Text Msg is = Welcome admin]]>
    </line>
    <line>
      <![CDATA[Welcome Msg Matched]]>
    </line>
    <line>
      <![CDATA[****** Mouse over and click performed for Location ******]]>
    </line>
    <line>
      <![CDATA[****** Switch of Frame ******]]>
    </line>
    <line>
      <![CDATA[****** Selecting dropdown ******]]>
    </line>
    <line>
      <![CDATA[****** Entering SearchFor ******]]>
    </line>
    <line>
      <![CDATA[****** Clicking on serch button ******]]>
    </line>
    <line>
      <![CDATA[****** Switching to deafault content ******]]>
    </line>
    <line>
      <![CDATA[===== Logout Completed ======]]>
    </line>
    <line>
      <![CDATA[&&&&&& Application Closed &&&&&&]]>
    </line>
  </reporter-output>
  <suite name="Default suite" duration-ms="19160" started-at="2018-01-23T12:22:09Z" finished-at="2018-01-23T12:22:28Z">
    <groups>
    </groups>
    <test name="Default test" duration-ms="19160" started-at="2018-01-23T12:22:09Z" finished-at="2018-01-23T12:22:28Z">
      <class name="com.hrms.TestScripts.Verify_SearchCompanyLocation">
        <test-method status="PASS" signature="addCompanyLocation()[pri:0, instance:com.hrms.TestScripts.Verify_SearchCompanyLocation@285225]" name="addCompanyLocation" duration-ms="19126" started-at="2018-01-23T17:52:09Z" finished-at="2018-01-23T17:52:28Z">
          <reporter-output>
            <line>
              <![CDATA[****** Verify SearchComapny Location Test Scripts ******]]>
            </line>
            <line>
              <![CDATA[====== Application Open ===== ]]>
            </line>
            <line>
              <![CDATA[Title Matched and it's = OrangeHRM - New Level of HR Management]]>
            </line>
            <line>
              <![CDATA[Click on LogIn Button]]>
            </line>
            <line>
              <![CDATA[Title not Matched and Expected Title is = OrangeHRM]]>
            </line>
            <line>
              <![CDATA[Welcome Text Msg is = Welcome admin]]>
            </line>
            <line>
              <![CDATA[Welcome Msg Matched]]>
            </line>
            <line>
              <![CDATA[****** Mouse over and click performed for Location ******]]>
            </line>
            <line>
              <![CDATA[****** Switch of Frame ******]]>
            </line>
            <line>
              <![CDATA[****** Selecting dropdown ******]]>
            </line>
            <line>
              <![CDATA[****** Entering SearchFor ******]]>
            </line>
            <line>
              <![CDATA[****** Clicking on serch button ******]]>
            </line>
            <line>
              <![CDATA[****** Switching to deafault content ******]]>
            </line>
            <line>
              <![CDATA[===== Logout Completed ======]]>
            </line>
            <line>
              <![CDATA[&&&&&& Application Closed &&&&&&]]>
            </line>
          </reporter-output>
        </test-method> <!-- addCompanyLocation -->
      </class> <!-- com.hrms.TestScripts.Verify_SearchCompanyLocation -->
    </test> <!-- Default test -->
  </suite> <!-- Default suite -->
</testng-results>
