<?xml version="1.0" encoding="UTF-8"?>
<testng-results skipped="0" failed="1" total="3" passed="2">
  <reporter-output>
    <line>
      <![CDATA[****** Verify SearchComapny Location Test Scripts ******]]>
    </line>
    <line>
      <![CDATA[====== Application Open ===== ]]>
    </line>
    <line>
      <![CDATA[Title Matched and it's = OrangeHRM - New Level of HR Management]]>
    </line>
    <line>
      <![CDATA[Click on LogIn Button]]>
    </line>
    <line>
      <![CDATA[Title not Matched and Expected Title is = OrangeHRM]]>
    </line>
    <line>
      <![CDATA[Welcome Text Msg is = Welcome admin]]>
    </line>
    <line>
      <![CDATA[Welcome Msg Matched]]>
    </line>
    <line>
      <![CDATA[****** Mouse over and click performed for Location ******]]>
    </line>
    <line>
      <![CDATA[****** Switch of Frame ******]]>
    </line>
    <line>
      <![CDATA[****** Selecting dropdown ******]]>
    </line>
    <line>
      <![CDATA[****** Entering SearchFor ******]]>
    </line>
    <line>
      <![CDATA[****** Clicking on serch button ******]]>
    </line>
    <line>
      <![CDATA[****** Switching to deafault content ******]]>
    </line>
    <line>
      <![CDATA[===== Logout Completed ======]]>
    </line>
    <line>
      <![CDATA[&&&&&& Application Closed &&&&&&]]>
    </line>
    <line>
      <![CDATA[****** Verify School Review Page Test Scripts ******]]>
    </line>
    <line>
      <![CDATA[====== Application Open ===== ]]>
    </line>
    <line>
      <![CDATA[Title Matched and it's = OrangeHRM - New Level of HR Management]]>
    </line>
    <line>
      <![CDATA[Click on LogIn Button]]>
    </line>
    <line>
      <![CDATA[Title not Matched and Expected Title is = OrangeHRM]]>
    </line>
    <line>
      <![CDATA[Welcome Text Msg is = Welcome admin]]>
    </line>
    <line>
      <![CDATA[Welcome Msg Matched]]>
    </line>
    <line>
      <![CDATA[===== Logout Completed ======]]>
    </line>
    <line>
      <![CDATA[&&&&&& Application Closed &&&&&&]]>
    </line>
    <line>
      <![CDATA[**** Verify Login and Logout for HRMS ****]]>
    </line>
    <line>
      <![CDATA[====== Application Open ===== ]]>
    </line>
    <line>
      <![CDATA[Title not Matched and Expected Title is = OrangeHRM - New Level of HR Management]]>
    </line>
  </reporter-output>
  <suite name="Suite" duration-ms="145371" started-at="2018-04-11T17:29:25Z" finished-at="2018-04-11T17:31:50Z">
    <groups>
    </groups>
    <test name="Test" duration-ms="145371" started-at="2018-04-11T17:29:25Z" finished-at="2018-04-11T17:31:50Z">
      <class name="com.hrms.TestScripts.Verify_SearchCompanyLocation">
        <test-method status="PASS" signature="addCompanyLocation()[pri:0, instance:com.hrms.TestScripts.Verify_SearchCompanyLocation@12b08d6]" name="addCompanyLocation" duration-ms="25083" started-at="2018-04-11T22:59:25Z" finished-at="2018-04-11T22:59:50Z">
          <reporter-output>
            <line>
              <![CDATA[****** Verify SearchComapny Location Test Scripts ******]]>
            </line>
            <line>
              <![CDATA[====== Application Open ===== ]]>
            </line>
            <line>
              <![CDATA[Title Matched and it's = OrangeHRM - New Level of HR Management]]>
            </line>
            <line>
              <![CDATA[Click on LogIn Button]]>
            </line>
            <line>
              <![CDATA[Title not Matched and Expected Title is = OrangeHRM]]>
            </line>
            <line>
              <![CDATA[Welcome Text Msg is = Welcome admin]]>
            </line>
            <line>
              <![CDATA[Welcome Msg Matched]]>
            </line>
            <line>
              <![CDATA[****** Mouse over and click performed for Location ******]]>
            </line>
            <line>
              <![CDATA[****** Switch of Frame ******]]>
            </line>
            <line>
              <![CDATA[****** Selecting dropdown ******]]>
            </line>
            <line>
              <![CDATA[****** Entering SearchFor ******]]>
            </line>
            <line>
              <![CDATA[****** Clicking on serch button ******]]>
            </line>
            <line>
              <![CDATA[****** Switching to deafault content ******]]>
            </line>
            <line>
              <![CDATA[===== Logout Completed ======]]>
            </line>
            <line>
              <![CDATA[&&&&&& Application Closed &&&&&&]]>
            </line>
          </reporter-output>
        </test-method> <!-- addCompanyLocation -->
      </class> <!-- com.hrms.TestScripts.Verify_SearchCompanyLocation -->
      <class name="com.hrms.TestScripts.Verify_AddCompanyLocation">
        <test-method status="PASS" signature="addCompanyLocation()[pri:0, instance:com.hrms.TestScripts.Verify_AddCompanyLocation@fcd809]" name="addCompanyLocation" duration-ms="110391" started-at="2018-04-11T22:59:50Z" finished-at="2018-04-11T23:01:41Z">
          <reporter-output>
            <line>
              <![CDATA[****** Verify School Review Page Test Scripts ******]]>
            </line>
            <line>
              <![CDATA[====== Application Open ===== ]]>
            </line>
            <line>
              <![CDATA[Title Matched and it's = OrangeHRM - New Level of HR Management]]>
            </line>
            <line>
              <![CDATA[Click on LogIn Button]]>
            </line>
            <line>
              <![CDATA[Title not Matched and Expected Title is = OrangeHRM]]>
            </line>
            <line>
              <![CDATA[Welcome Text Msg is = Welcome admin]]>
            </line>
            <line>
              <![CDATA[Welcome Msg Matched]]>
            </line>
            <line>
              <![CDATA[===== Logout Completed ======]]>
            </line>
            <line>
              <![CDATA[&&&&&& Application Closed &&&&&&]]>
            </line>
          </reporter-output>
        </test-method> <!-- addCompanyLocation -->
      </class> <!-- com.hrms.TestScripts.Verify_AddCompanyLocation -->
      <class name="com.hrms.TestScripts.Verify_Login">
        <test-method status="FAIL" signature="login()[pri:0, instance:com.hrms.TestScripts.Verify_Login@6a70ef]" name="login" duration-ms="9665" started-at="2018-04-11T23:01:41Z" finished-at="2018-04-11T23:01:50Z">
          <exception class="java.io.FileNotFoundException">
            <message>
              <![CDATA[D:\eclipse-workspace1\HRMS_Testing\TestData\testdata.xlsx (The system cannot find the path specified)]]>
            </message>
            <full-stacktrace>
              <![CDATA[java.io.FileNotFoundException: D:\eclipse-workspace1\HRMS_Testing\TestData\testdata.xlsx (The system cannot find the path specified)
	at java.io.FileInputStream.open0(Native Method)
	at java.io.FileInputStream.open(FileInputStream.java:195)
	at java.io.FileInputStream.<init>(FileInputStream.java:138)
	at java.io.FileInputStream.<init>(FileInputStream.java:93)
	at com.hrms.utility.Excell_Utils.setExcelFile(Excell_Utils.java:21)
	at com.hrms.TestScripts.Verify_Login.login(Verify_Login.java:34)
	at sun.reflect.NativeMethodAccessorImpl.invoke0(Native Method)
	at sun.reflect.NativeMethodAccessorImpl.invoke(NativeMethodAccessorImpl.java:62)
	at sun.reflect.DelegatingMethodAccessorImpl.invoke(DelegatingMethodAccessorImpl.java:43)
	at java.lang.reflect.Method.invoke(Method.java:498)
	at org.testng.internal.MethodInvocationHelper.invokeMethod(MethodInvocationHelper.java:80)
	at org.testng.internal.Invoker.invokeMethod(Invoker.java:714)
	at org.testng.internal.Invoker.invokeTestMethod(Invoker.java:901)
	at org.testng.internal.Invoker.invokeTestMethods(Invoker.java:1231)
	at org.testng.internal.TestMethodWorker.invokeTestMethods(TestMethodWorker.java:127)
	at org.testng.internal.TestMethodWorker.run(TestMethodWorker.java:111)
	at org.testng.TestRunner.privateRun(TestRunner.java:767)
	at org.testng.TestRunner.run(TestRunner.java:617)
	at org.testng.SuiteRunner.runTest(SuiteRunner.java:334)
	at org.testng.SuiteRunner.runSequentially(SuiteRunner.java:329)
	at org.testng.SuiteRunner.privateRun(SuiteRunner.java:291)
	at org.testng.SuiteRunner.run(SuiteRunner.java:240)
	at org.testng.SuiteRunnerWorker.runSuite(SuiteRunnerWorker.java:52)
	at org.testng.SuiteRunnerWorker.run(SuiteRunnerWorker.java:86)
	at org.testng.TestNG.runSuitesSequentially(TestNG.java:1198)
	at org.testng.TestNG.runSuitesLocally(TestNG.java:1123)
	at org.testng.TestNG.run(TestNG.java:1031)
	at org.testng.remote.AbstractRemoteTestNG.run(AbstractRemoteTestNG.java:114)
	at org.testng.remote.RemoteTestNG.initAndRun(RemoteTestNG.java:251)
	at org.testng.remote.RemoteTestNG.main(RemoteTestNG.java:77)
]]>
            </full-stacktrace>
          </exception> <!-- java.io.FileNotFoundException -->
          <reporter-output>
            <line>
              <![CDATA[**** Verify Login and Logout for HRMS ****]]>
            </line>
            <line>
              <![CDATA[====== Application Open ===== ]]>
            </line>
            <line>
              <![CDATA[Title not Matched and Expected Title is = OrangeHRM - New Level of HR Management]]>
            </line>
          </reporter-output>
        </test-method> <!-- login -->
      </class> <!-- com.hrms.TestScripts.Verify_Login -->
    </test> <!-- Test -->
  </suite> <!-- Suite -->
</testng-results>
